<?xml version="1.0" encoding="UTF-8"?>
<!-- Generated by org.testng.reporters.JUnitReportReporter -->
<testsuite hostname="ADV-SEL-14" name="com.acttimeTime.userTest.Sasmple" tests="1" failures="0" timestamp="31 May 2016 03:24:12 GMT" time="0.000" errors="0">
  <testcase name="getTest" time="0.000" classname="com.acttimeTime.userTest.Sasmple"/>
</testsuite> <!-- com.acttimeTime.userTest.Sasmple -->
