<?xml version="1.0" encoding="UTF-8"?>
<!-- Generated by org.testng.reporters.JUnitReportReporter -->
<testsuite hostname="ADV-SEL-14" name="com.acttime.projectAndCustomerTest.ProjectAndCustomer" tests="2" failures="0" timestamp="3 Jun 2016 04:09:39 GMT" time="3.220" errors="0">
  <testcase name="modifyCustomerTest" time="2.255" classname="com.acttime.projectAndCustomerTest.ProjectAndCustomer"/>
  <testcase name="createcustomerTest" time="0.965" classname="com.acttime.projectAndCustomerTest.ProjectAndCustomer"/>
</testsuite> <!-- com.acttime.projectAndCustomerTest.ProjectAndCustomer -->
