<?xml version="1.0" encoding="UTF-8"?>
<!-- Generated by org.testng.reporters.JUnitReportReporter -->
<testsuite hostname="ADV-SEL-14" name="com.acttimeTime.userTest.UserTest" tests="2" failures="0" timestamp="3 Jun 2016 04:09:39 GMT" time="7.954" errors="0">
  <testcase name="modifyUserTest" time="3.229" classname="com.acttimeTime.userTest.UserTest"/>
  <testcase name="createUSerTest" time="4.725" classname="com.acttimeTime.userTest.UserTest"/>
</testsuite> <!-- com.acttimeTime.userTest.UserTest -->
