<?xml version="1.0" encoding="UTF-8"?>
<!-- Generated by org.testng.reporters.JUnitReportReporter -->
<testsuite hostname="SIBU-PC" name="com.acttimeTime.userTest.SampleTest" tests="1" failures="0" timestamp="12 Sep 2016 14:05:49 GMT" time="25.473" errors="0">
  <testcase name="login" time="25.473" classname="com.acttimeTime.userTest.SampleTest"/>
</testsuite> <!-- com.acttimeTime.userTest.SampleTest -->
