<?xml version="1.0" encoding="UTF-8"?>
<!-- Generated by org.testng.reporters.JUnitReportReporter -->
<testsuite hostname="SIBU-PC" name="com.acttimeTime.userTest.SampleTest" tests="1" failures="0" timestamp="25 Aug 2016 15:49:04 GMT" time="0.027" errors="0">
  <testcase name="login" time="0.027" classname="com.acttimeTime.userTest.SampleTest"/>
</testsuite> <!-- com.acttimeTime.userTest.SampleTest -->
